release/playstore-20260619-Surlap-v1.0.0+1/mapping/seeds.txt
com.github.dart_lang.jni.R: R()
com.dexterous.flutterlocalnotifications.models.styles.InboxStyleInformation: InboxStyleInformation(java.lang.Boolean,java.lang.Boolean,java.lang.String,java.lang.Boolean,java.lang.String,java.lang.Boolean,java.util.ArrayList,java.lang.Boolean)
com.dexterous.flutterlocalnotifications.FlutterLocalNotificationsPlugin: void setSound(android.content.Context,com.dexterous.flutterlocalnotifications.models.NotificationDetails,androidx.core.app.NotificationCompat$Builder)
androidx.appcompat.widget.Toolbar: int getCurrentContentInsetRight()
androidx.datastore.preferences.protobuf.GeneratedMessageLite$MethodToInvoke: androidx.datastore.preferences.protobuf.GeneratedMessageLite$MethodToInvoke valueOf(java.lang.String)
com.dexterous.flutterlocalnotifications.models.NotificationStyle: com.dexterous.flutterlocalnotifications.models.NotificationStyle[] values()
androidx.appcompat.widget.ActionBarOverlayLayout: void setOverlayMode(boolean)
com.dexterous.flutterlocalnotifications.FlutterLocalNotificationsPlugin: void requestNotificationsPermission(com.dexterous.flutterlocalnotifications.PermissionRequestListener)
androidx.vectordrawable.graphics.drawable.VectorDrawableCompat$VFullPath: int getStrokeColor()
androidx.vectordrawable.graphics.drawable.VectorDrawableCompat$VGroup: void setTranslateX(float)
io.flutter.embedding.engine.mutatorsstack.FlutterMutatorView: void setOnDescendantFocusChangeListener(android.view.View$OnFocusChangeListener)
androidx.appcompat.widget.AppCompatAutoCompleteTextView: void setCustomSelectionActionModeCallback(android.view.ActionMode$Callback)
io.flutter.embedding.engine.FlutterJNI: void updateCustomAccessibilityActions(java.nio.ByteBuffer,java.lang.String[])
androidx.work.impl.utils.futures.DirectExecutor: androidx.work.impl.utils.futures.DirectExecutor[] values()
androidx.glance.appwidget.translators.CompoundButtonApi31Impl: void setCompoundButtonChecked(android.widget.RemoteViews,int,boolean)
kotlinx.coroutines.android.AndroidExceptionPreHandler: AndroidExceptionPreHandler()
io.flutter.view.AccessibilityStringBuilder$StringAttributeType: io.flutter.view.AccessibilityStringBuilder$StringAttributeType[] values()
androidx.appcompat.widget.AppCompatTextView: int getAutoSizeTextType()
androidx.recyclerview.widget.RecyclerView: int getMaxFlingVelocity()
androidx.appcompat.widget.SearchView: void setQuery(java.lang.CharSequence)
org.apache.commons.imaging.ImageFormats: org.apache.commons.imaging.ImageFormats valueOf(java.lang.String)
io.flutter.plugin.editing.ImeSyncDeferringInsetsCallback: int access$200(io.flutter.plugin.editing.ImeSyncDeferringInsetsCallback)
io.flutter.embedding.engine.plugins.lifecycle.HiddenLifecycleReference: HiddenLifecycleReference(androidx.lifecycle.Lifecycle)
androidx.compose.runtime.InvalidationResult: androidx.compose.runtime.InvalidationResult[] values()
com.google.gson.ToNumberPolicy: com.google.gson.ToNumberPolicy[] values()
androidx.core.app.NotificationCompat$BubbleMetadata$Api30Impl: android.app.Notification$BubbleMetadata toPlatform(androidx.core.app.NotificationCompat$BubbleMetadata)
androidx.room.RoomDatabase$JournalMode: androidx.room.RoomDatabase$JournalMode valueOf(java.lang.String)
androidx.window.layout.adapter.sidecar.SidecarCompat$TranslatingCallback: void onWindowLayoutChanged(android.os.IBinder,androidx.window.sidecar.SidecarWindowLayoutInfo)
android.support.v4.app.RemoteActionCompatParcelizer: androidx.core.app.RemoteActionCompat read(androidx.versionedparcelable.VersionedParcel)
androidx.vectordrawable.graphics.drawable.VectorDrawableCompat$VGroup: void setRotation(float)
androidx.glance.appwidget.RemoteViewsTranslatorApi31Impl: void addChildView(android.widget.RemoteViews,int,android.widget.RemoteViews,int)
androidx.core.view.WindowInsetsCompat$Impl20: WindowInsetsCompat$Impl20(androidx.core.view.WindowInsetsCompat,androidx.core.view.WindowInsetsCompat$Impl20)
androidx.core.view.WindowInsetsCompat$Impl20: boolean isRound()