release/playstore-20260619-Surlap-v1.0.0+1/mapping/usage.txt
androidx.compose.runtime.external.kotlinx.collections.immutable.implementations.immutableList.AbstractPersistentList$retainAll$1
androidx.compose.runtime.external.kotlinx.collections.immutable.implementations.immutableList.AbstractPersistentList:
    public synthetic bridge androidx.compose.runtime.external.kotlinx.collections.immutable.PersistentCollection addAll(java.util.Collection)
    public androidx.compose.runtime.external.kotlinx.collections.immutable.PersistentList addAll(int,java.util.Collection)
    public androidx.compose.runtime.external.kotlinx.collections.immutable.PersistentList addAll(java.util.Collection)
    public synthetic bridge androidx.compose.runtime.external.kotlinx.collections.immutable.PersistentCollection clear()
    public androidx.compose.runtime.external.kotlinx.collections.immutable.PersistentList clear()
    public synthetic bridge androidx.compose.runtime.external.kotlinx.collections.immutable.PersistentCollection remove(java.lang.Object)
    public androidx.compose.runtime.external.kotlinx.collections.immutable.PersistentList remove(java.lang.Object)
    public synthetic bridge androidx.compose.runtime.external.kotlinx.collections.immutable.PersistentCollection removeAll(java.util.Collection)
    public androidx.compose.runtime.external.kotlinx.collections.immutable.PersistentList removeAll(java.util.Collection)
    public synthetic bridge androidx.compose.runtime.external.kotlinx.collections.immutable.PersistentCollection retainAll(java.util.Collection)
androidx.compose.runtime.external.kotlinx.collections.immutable.implementations.immutableList.ObjectRef
androidx.compose.runtime.external.kotlinx.collections.immutable.implementations.immutableList.PersistentVector:
    public synthetic bridge androidx.compose.runtime.external.kotlinx.collections.immutable.PersistentCollection add(java.lang.Object)
    public androidx.compose.runtime.external.kotlinx.collections.immutable.PersistentList add(int,java.lang.Object)
    public synthetic bridge androidx.compose.runtime.external.kotlinx.collections.immutable.PersistentCollection$Builder builder()
    public synthetic bridge androidx.compose.runtime.external.kotlinx.collections.immutable.PersistentList$Builder builder()
    public androidx.compose.runtime.external.kotlinx.collections.immutable.implementations.immutableList.PersistentVectorBuilder builder()
    private final java.lang.Object[] insertIntoRoot(java.lang.Object[],int,int,java.lang.Object,androidx.compose.runtime.external.kotlinx.collections.immutable.implementations.immutableList.ObjectRef)
    private final androidx.compose.runtime.external.kotlinx.collections.immutable.implementations.immutableList.PersistentVector insertIntoTail(java.lang.Object[],int,java.lang.Object)
    private final java.lang.Object[] pullLastBuffer(java.lang.Object[],int,int,androidx.compose.runtime.external.kotlinx.collections.immutable.implementations.immutableList.ObjectRef)
    private final androidx.compose.runtime.external.kotlinx.collections.immutable.PersistentList pullLastBufferFromRoot(java.lang.Object[],int,int)
androidx.compose.runtime.external.kotlinx.collections.immutable.implementations.immutableList.PersistentVectorBuilder$removeAll$1
androidx.compose.runtime.external.kotlinx.collections.immutable.implementations.immutableList.PersistentVectorBuilder
androidx.compose.runtime.external.kotlinx.collections.immutable.implementations.immutableList.PersistentVectorMutableIterator
androidx.compose.runtime.external.kotlinx.collections.immutable.implementations.immutableList.SingleElementListIterator